<?xml version="1.0" encoding="UTF-8"?>
<testng-results skipped="0" failed="0" ignored="0" total="1" passed="1">
  <reporter-output>
  </reporter-output>
  <suite name="Default suite" duration-ms="13209" started-at="2021-04-21T22:05:09Z" finished-at="2021-04-21T22:05:22Z">
    <groups>
    </groups>
    <test name="Default test" duration-ms="13209" started-at="2021-04-21T22:05:09Z" finished-at="2021-04-21T22:05:22Z">
      <class name="com.qa.acti.base.DriverScript">
        <test-method status="PASS" signature="initApplication()[pri:0, instance:com.qa.acti.base.DriverScript@29774679]" name="initApplication" duration-ms="13188" started-at="2021-04-21T22:05:09Z" finished-at="2021-04-21T22:05:22Z">
          <reporter-output>
          </reporter-output>
        </test-method> <!-- initApplication -->
      </class> <!-- com.qa.acti.base.DriverScript -->
    </test> <!-- Default test -->
  </suite> <!-- Default suite -->
</testng-results>
